<!DOCTYPE html>
<html>
<head>
    <title>Unittest Results</title>
    <meta charset="utf-8">
    <meta name="viewport" content="width=device-width, initial-scale=1.0">
    <link rel="stylesheet" href="https://maxcdn.bootstrapcdn.com/bootstrap/3.3.6/css/bootstrap.min.css" integrity="sha384-1q8mTJOASx8j1Au+a5WDVnPi2lkFfwwEAa8hDDdjZlpLegxhjVME1fgjWPGmkzs7" crossorigin="anonymous">
</head>
<body>
    <div class="container">
        <div class="row">
            <div class="col-xs-12">
                <h2 class="text-capitalize">Unittest Results</h2>
                <p class='attribute'><strong>Start Time: </strong>2022-08-06 17:17:54</p>
                <p class='attribute'><strong>Duration: </strong>32.88 s</p>
                <p class='attribute'><strong>Summary: </strong>Total: 2, Pass: 0, Error: 2</p>
            </div>
        </div>
        <div class="row">
            <div class="col-xs-12 col-sm-10 col-md-10">
                <table class='table table-hover table-responsive'>
                    <thead>
                        <tr>
                            <th>__main__.OrangeHtmlTest</th>
                            <th>Status</th>
                            <th></th>
                        </tr>
                    </thead>
                    <tbody>
                        <tr class='warning'>
                            <td class="col-xs-10">test_HomePage</td>
                            <td class="col-xs-1">
                                <span class="label label-warning" style="display:block;width:40px;">Error</span>
                            </td>
                            <td class="col-xs-1">
                                <button class="btn btn-default btn-xs">View</button>
                            </td>
                        </tr>
                        <tr style="display:none;">
                            <td class="col-xs-9" colspan="3"><p style="color:maroon;">WebDriverException: Message: unknown error: cannot determine loading status
from unknown error: cannot determine loading status
from disconnected: received Inspector.detached event
  (Session info: chrome=104.0.5112.79)
Stacktrace:
0   chromedriver 2                      0x0000000104a93ef9 chromedriver 2 + 4480761
1   chromedriver 2                      0x0000000104a1f5d3 chromedriver 2 + 4003283
2   chromedriver 2                      0x00000001046b2338 chromedriver 2 + 410424
3   chromedriver 2                      0x000000010469f20d chromedriver 2 + 332301
4   chromedriver 2                      0x000000010469ecca chromedriver 2 + 330954
5   chromedriver 2                      0x000000010469e1f7 chromedriver 2 + 328183
6   chromedriver 2                      0x000000010469d0c6 chromedriver 2 + 323782
7   chromedriver 2                      0x000000010469d5fc chromedriver 2 + 325116
8   chromedriver 2                      0x00000001046abc35 chromedriver 2 + 384053
9   chromedriver 2                      0x000000010469ea7d chromedriver 2 + 330365
10  chromedriver 2                      0x000000010469f8ba chromedriver 2 + 334010
11  chromedriver 2                      0x000000010469ece7 chromedriver 2 + 330983
12  chromedriver 2                      0x000000010469e1f7 chromedriver 2 + 328183
13  chromedriver 2                      0x000000010469d0c6 chromedriver 2 + 323782
14  chromedriver 2                      0x000000010469d5fc chromedriver 2 + 325116
15  chromedriver 2                      0x00000001046aa6af chromedriver 2 + 378543
16  chromedriver 2                      0x00000001046ab212 chromedriver 2 + 381458
17  chromedriver 2                      0x00000001046b9b5e chromedriver 2 + 441182
18  chromedriver 2                      0x0000000104718767 chromedriver 2 + 829287
19  chromedriver 2                      0x0000000104705953 chromedriver 2 + 751955
20  chromedriver 2                      0x00000001046dbcd5 chromedriver 2 + 580821
21  chromedriver 2                      0x00000001046dcd25 chromedriver 2 + 584997
22  chromedriver 2                      0x0000000104a6502d chromedriver 2 + 4288557
23  chromedriver 2                      0x0000000104a6a1b3 chromedriver 2 + 4309427
24  chromedriver 2                      0x0000000104a6f23f chromedriver 2 + 4330047
25  chromedriver 2                      0x0000000104a6adfa chromedriver 2 + 4312570
26  chromedriver 2                      0x0000000104a43fef chromedriver 2 + 4153327
27  chromedriver 2                      0x0000000104a84d78 chromedriver 2 + 4418936
28  chromedriver 2                      0x0000000104a84eff chromedriver 2 + 4419327
29  chromedriver 2                      0x0000000104a9bab5 chromedriver 2 + 4512437
30  libsystem_pthread.dylib             0x00007ff81c78c4e1 _pthread_start + 125
31  libsystem_pthread.dylib             0x00007ff81c787f6b thread_start + 15
</p><p style="color:maroon;">Traceback (most recent call last):
  File "/Users/vaibhavlutade/PycharmProjects/mnewproject/seleniumpackage/unittesttwo.py", line 13, in test_HomePage
    self.driver.get("https://staging-cu.reposenergy.com/auth/login")
  File "/Library/Frameworks/Python.framework/Versions/3.10/lib/python3.10/site-packages/selenium/webdriver/remote/webdriver.py", line 442, in get
    self.execute(Command.GET, {'url': url})
  File "/Library/Frameworks/Python.framework/Versions/3.10/lib/python3.10/site-packages/selenium/webdriver/remote/webdriver.py", line 430, in execute
    self.error_handler.check_response(response)
  File "/Library/Frameworks/Python.framework/Versions/3.10/lib/python3.10/site-packages/selenium/webdriver/remote/errorhandler.py", line 247, in check_response
    raise exception_class(message, screen, stacktrace)
selenium.common.exceptions.WebDriverException: Message: unknown error: cannot determine loading status
from unknown error: cannot determine loading status
from disconnected: received Inspector.detached event
  (Session info: chrome=104.0.5112.79)
Stacktrace:
0   chromedriver 2                      0x0000000104a93ef9 chromedriver 2 + 4480761
1   chromedriver 2                      0x0000000104a1f5d3 chromedriver 2 + 4003283
2   chromedriver 2                      0x00000001046b2338 chromedriver 2 + 410424
3   chromedriver 2                      0x000000010469f20d chromedriver 2 + 332301
4   chromedriver 2                      0x000000010469ecca chromedriver 2 + 330954
5   chromedriver 2                      0x000000010469e1f7 chromedriver 2 + 328183
6   chromedriver 2                      0x000000010469d0c6 chromedriver 2 + 323782
7   chromedriver 2                      0x000000010469d5fc chromedriver 2 + 325116
8   chromedriver 2                      0x00000001046abc35 chromedriver 2 + 384053
9   chromedriver 2                      0x000000010469ea7d chromedriver 2 + 330365
10  chromedriver 2                      0x000000010469f8ba chromedriver 2 + 334010
11  chromedriver 2                      0x000000010469ece7 chromedriver 2 + 330983
12  chromedriver 2                      0x000000010469e1f7 chromedriver 2 + 328183
13  chromedriver 2                      0x000000010469d0c6 chromedriver 2 + 323782
14  chromedriver 2                      0x000000010469d5fc chromedriver 2 + 325116
15  chromedriver 2                      0x00000001046aa6af chromedriver 2 + 378543
16  chromedriver 2                      0x00000001046ab212 chromedriver 2 + 381458
17  chromedriver 2                      0x00000001046b9b5e chromedriver 2 + 441182
18  chromedriver 2                      0x0000000104718767 chromedriver 2 + 829287
19  chromedriver 2                      0x0000000104705953 chromedriver 2 + 751955
20  chromedriver 2                      0x00000001046dbcd5 chromedriver 2 + 580821
21  chromedriver 2                      0x00000001046dcd25 chromedriver 2 + 584997
22  chromedriver 2                      0x0000000104a6502d chromedriver 2 + 4288557
23  chromedriver 2                      0x0000000104a6a1b3 chromedriver 2 + 4309427
24  chromedriver 2                      0x0000000104a6f23f chromedriver 2 + 4330047
25  chromedriver 2                      0x0000000104a6adfa chromedriver 2 + 4312570
26  chromedriver 2                      0x0000000104a43fef chromedriver 2 + 4153327
27  chromedriver 2                      0x0000000104a84d78 chromedriver 2 + 4418936
28  chromedriver 2                      0x0000000104a84eff chromedriver 2 + 4419327
29  chromedriver 2                      0x0000000104a9bab5 chromedriver 2 + 4512437
30  libsystem_pthread.dylib             0x00007ff81c78c4e1 _pthread_start + 125
31  libsystem_pthread.dylib             0x00007ff81c787f6b thread_start + 15

</p>
                            </td>
                        </tr>
                        <tr class='warning'>
                            <td class="col-xs-10">test_Login</td>
                            <td class="col-xs-1">
                                <span class="label label-warning" style="display:block;width:40px;">Error</span>
                            </td>
                            <td class="col-xs-1">
                                <button class="btn btn-default btn-xs">View</button>
                            </td>
                        </tr>
                        <tr style="display:none;">
                            <td class="col-xs-9" colspan="3"><p style="color:maroon;">NoSuchWindowException: Message: no such window: window was already closed
  (Session info: chrome=104.0.5112.79)
Stacktrace:
0   chromedriver 2                      0x0000000104a93ef9 chromedriver 2 + 4480761
1   chromedriver 2                      0x0000000104a1f5d3 chromedriver 2 + 4003283
2   chromedriver 2                      0x00000001046b2338 chromedriver 2 + 410424
3   chromedriver 2                      0x00000001046a280f chromedriver 2 + 346127
4   chromedriver 2                      0x00000001046a3cb2 chromedriver 2 + 351410
5   chromedriver 2                      0x000000010469c4dc chromedriver 2 + 320732
6   chromedriver 2                      0x00000001046b3752 chromedriver 2 + 415570
7   chromedriver 2                      0x0000000104717bab chromedriver 2 + 826283
8   chromedriver 2                      0x0000000104705953 chromedriver 2 + 751955
9   chromedriver 2                      0x00000001046dbcd5 chromedriver 2 + 580821
10  chromedriver 2                      0x00000001046dcd25 chromedriver 2 + 584997
11  chromedriver 2                      0x0000000104a6502d chromedriver 2 + 4288557
12  chromedriver 2                      0x0000000104a6a1b3 chromedriver 2 + 4309427
13  chromedriver 2                      0x0000000104a6f23f chromedriver 2 + 4330047
14  chromedriver 2                      0x0000000104a6adfa chromedriver 2 + 4312570
15  chromedriver 2                      0x0000000104a43fef chromedriver 2 + 4153327
16  chromedriver 2                      0x0000000104a84d78 chromedriver 2 + 4418936
17  chromedriver 2                      0x0000000104a84eff chromedriver 2 + 4419327
18  chromedriver 2                      0x0000000104a9bab5 chromedriver 2 + 4512437
19  libsystem_pthread.dylib             0x00007ff81c78c4e1 _pthread_start + 125
20  libsystem_pthread.dylib             0x00007ff81c787f6b thread_start + 15
</p><p style="color:maroon;">Traceback (most recent call last):
  File "/Users/vaibhavlutade/PycharmProjects/mnewproject/seleniumpackage/unittesttwo.py", line 18, in test_Login
    self.driver.get("https://staging-cu.reposenergy.com/auth/login")
  File "/Library/Frameworks/Python.framework/Versions/3.10/lib/python3.10/site-packages/selenium/webdriver/remote/webdriver.py", line 442, in get
    self.execute(Command.GET, {'url': url})
  File "/Library/Frameworks/Python.framework/Versions/3.10/lib/python3.10/site-packages/selenium/webdriver/remote/webdriver.py", line 430, in execute
    self.error_handler.check_response(response)
  File "/Library/Frameworks/Python.framework/Versions/3.10/lib/python3.10/site-packages/selenium/webdriver/remote/errorhandler.py", line 247, in check_response
    raise exception_class(message, screen, stacktrace)
selenium.common.exceptions.NoSuchWindowException: Message: no such window: window was already closed
  (Session info: chrome=104.0.5112.79)
Stacktrace:
0   chromedriver 2                      0x0000000104a93ef9 chromedriver 2 + 4480761
1   chromedriver 2                      0x0000000104a1f5d3 chromedriver 2 + 4003283
2   chromedriver 2                      0x00000001046b2338 chromedriver 2 + 410424
3   chromedriver 2                      0x00000001046a280f chromedriver 2 + 346127
4   chromedriver 2                      0x00000001046a3cb2 chromedriver 2 + 351410
5   chromedriver 2                      0x000000010469c4dc chromedriver 2 + 320732
6   chromedriver 2                      0x00000001046b3752 chromedriver 2 + 415570
7   chromedriver 2                      0x0000000104717bab chromedriver 2 + 826283
8   chromedriver 2                      0x0000000104705953 chromedriver 2 + 751955
9   chromedriver 2                      0x00000001046dbcd5 chromedriver 2 + 580821
10  chromedriver 2                      0x00000001046dcd25 chromedriver 2 + 584997
11  chromedriver 2                      0x0000000104a6502d chromedriver 2 + 4288557
12  chromedriver 2                      0x0000000104a6a1b3 chromedriver 2 + 4309427
13  chromedriver 2                      0x0000000104a6f23f chromedriver 2 + 4330047
14  chromedriver 2                      0x0000000104a6adfa chromedriver 2 + 4312570
15  chromedriver 2                      0x0000000104a43fef chromedriver 2 + 4153327
16  chromedriver 2                      0x0000000104a84d78 chromedriver 2 + 4418936
17  chromedriver 2                      0x0000000104a84eff chromedriver 2 + 4419327
18  chromedriver 2                      0x0000000104a9bab5 chromedriver 2 + 4512437
19  libsystem_pthread.dylib             0x00007ff81c78c4e1 _pthread_start + 125
20  libsystem_pthread.dylib             0x00007ff81c787f6b thread_start + 15

</p>
                            </td>
                        </tr>
                        <tr>
                            <td colspan="3">
                                Total: 2, Pass: 0, Error: 2 -- Duration: 32.88 s
                            </td>
                        </tr>
                    </tbody>
                </table>
            </div>
        </div>
    </div>
    <script src="https://ajax.googleapis.com/ajax/libs/jquery/2.2.4/jquery.min.js"></script>
    <script type="text/javascript">
        $(document).ready(function(){
            $('td').on('click', '.btn', function(e){
                e.preventDefault();
                e.stopImmediatePropagation();
                var $this = $(this);
                var $nextRow = $this.closest('tr').next('tr');
                $nextRow.slideToggle("fast");
                $this.text(function(i, text){
                    if (text === 'View') {
                        return 'Hide';
                    } else {
                        return 'View';
                    };
                });
            });
        });
    </script>
</body>
</html